<?xml version="1.0" encoding="UTF-8" ?>
<testsuite tests="53" failures="0" name="testRunner.AdminLoginTest" time="1.688" errors="0" skipped="41">
  <properties>
[...]
</properties>
  <testcase classname="Scenario: Successful login with valid credentials" name="Given admin launch the browser" time="0.002"/>
  <testcase classname="Scenario: Successful login with valid credentials" name="When admin is on the Car Rental page" time="0.005">
    <skipped/>
  </testcase>
  <testcase classname="Scenario: Successful login with valid credentials" name="And admin clicks on Admin module" time="0.005">
    <skipped/>
  </testcase>
  <testcase classname="Scenario: Successful login with valid credentials" name="Then admin navigates to sign in page" time="0.006">
    <skipped/>
  </testcase>
  <testcase classname="Scenario: Successful login with valid credentials" name="When admin enters a valid username and password" time="0.009">
    <skipped/>
    <system-out>
  Background:                            &amp;#27;[90m# src/test/resources/Features/Login.feature:3&amp;#27;[0m
    &amp;#27;[32mGiven &amp;#27;[0m&amp;#27;[32madmin launch the browser&amp;#27;[0m       &amp;#27;[90m# Stepdefinition.admin_launch_the_browser()&amp;#27;[0m
    &amp;#27;[33mWhen &amp;#27;[0m&amp;#27;[33madmin is on the Car Rental page&amp;#27;[0m
    &amp;#27;[33mAnd &amp;#27;[0m&amp;#27;[33madmin clicks on Admin module&amp;#27;[0m
    &amp;#27;[33mThen &amp;#27;[0m&amp;#27;[33madmin navigates to sign in page&amp;#27;[0m
</system-out>
  </testcase>
  <testcase classname="Scenario: Successful login with valid credentials" name="And admin click on the login button" time="0.01">
    <skipped/>
  </testcase>
  <testcase classname="Scenario: Successful login with valid credentials" name="Then admin should be logged in successfully" time="0.011">
    <skipped/>
  </testcase>
  <testcase classname="Scenario: Successful login with valid credentials" name="Scenario: Successful login with valid credentials" time="0.115">
    <skipped/>
  </testcase>
  <testcase classname="Scenario: Successful login with valid credentials" name="Scenario: Successful login with valid credentials" time="0.115"/>
  <testcase classname="| bunny | Test@12345 | Invalid Details |" name="Given admin launch the browser" time="0"/>
  <testcase classname="| bunny | Test@12345 | Invalid Details |" name="When admin is on the Car Rental page" time="0.001">
    <skipped/>
  </testcase>
  <testcase classname="| bunny | Test@12345 | Invalid Details |" name="And admin clicks on Admin module" time="0.002">
    <skipped/>
  </testcase>
  <testcase classname="| bunny | Test@12345 | Invalid Details |" name="Then admin navigates to sign in page" time="0.003">
    <skipped/>
  </testcase>
  <testcase classname="| bunny | Test@12345 | Invalid Details |" name="When admin enters invalid &quot;bunny&quot; and &quot;Test@12345&quot;" time="0.012">
    <skipped/>
    <system-out>
  Background:                            &amp;#27;[90m# src/test/resources/Features/Login.feature:3&amp;#27;[0m
    &amp;#27;[32mGiven &amp;#27;[0m&amp;#27;[32madmin launch the browser&amp;#27;[0m       &amp;#27;[90m# Stepdefinition.admin_launch_the_browser()&amp;#27;[0m
    &amp;#27;[33mWhen &amp;#27;[0m&amp;#27;[33madmin is on the Car Rental page&amp;#27;[0m
    &amp;#27;[33mAnd &amp;#27;[0m&amp;#27;[33madmin clicks on Admin module&amp;#27;[0m
    &amp;#27;[33mThen &amp;#27;[0m&amp;#27;[33madmin navigates to sign in page&amp;#27;[0m
</system-out>
  </testcase>
  <testcase classname="| bunny | Test@12345 | Invalid Details |" name="And admin click on the login button" time="0.013">
    <skipped/>
  </testcase>
  <testcase classname="| bunny | Test@12345 | Invalid Details |" name="Then admin should see an error message indicating &quot;Invalid Details&quot;" time="0.015">
    <skipped/>
  </testcase>
  <testcase classname="| bunny | Test@12345 | Invalid Details |" name="| bunny | Test@12345 | Invalid Details |" time="0.127">
    <skipped/>
  </testcase>
  <testcase classname="| bunny | Test@12345 | Invalid Details |" name="| bunny | Test@12345 | Invalid Details |" time="0.127"/>
  <testcase classname="| admin | Test@12346 | Invalid Details |" name="Given admin launch the browser" time="0"/>
  <testcase classname="| admin | Test@12346 | Invalid Details |" name="When admin is on the Car Rental page" time="0.003">
    <skipped/>
  </testcase>
  <testcase classname="| admin | Test@12346 | Invalid Details |" name="And admin clicks on Admin module" time="0.003">
    <skipped/>
  </testcase>
  <testcase classname="| admin | Test@12346 | Invalid Details |" name="Then admin navigates to sign in page" time="0.004">
    <skipped/>
  </testcase>
  <testcase classname="| admin | Test@12346 | Invalid Details |" name="When admin enters invalid &quot;admin&quot; and &quot;Test@12346&quot;" time="0.005">
    <skipped/>
    <system-out>
  Background:                            &amp;#27;[90m# src/test/resources/Features/Login.feature:3&amp;#27;[0m
    &amp;#27;[32mGiven &amp;#27;[0m&amp;#27;[32madmin launch the browser&amp;#27;[0m       &amp;#27;[90m# Stepdefinition.admin_launch_the_browser()&amp;#27;[0m
    &amp;#27;[33mWhen &amp;#27;[0m&amp;#27;[33madmin is on the Car Rental page&amp;#27;[0m
    &amp;#27;[33mAnd &amp;#27;[0m&amp;#27;[33madmin clicks on Admin module&amp;#27;[0m
    &amp;#27;[33mThen &amp;#27;[0m&amp;#27;[33madmin navigates to sign in page&amp;#27;[0m
</system-out>
  </testcase>
  <testcase classname="| admin | Test@12346 | Invalid Details |" name="And admin click on the login button" time="0.005">
    <skipped/>
  </testcase>
  <testcase classname="| admin | Test@12346 | Invalid Details |" name="Then admin should see an error message indicating &quot;Invalid Details&quot;" time="0.005">
    <skipped/>
  </testcase>
  <testcase classname="| admin | Test@12346 | Invalid Details |" name="| admin | Test@12346 | Invalid Details |" time="0.107">
    <skipped/>
  </testcase>
  <testcase classname="| admin | Test@12346 | Invalid Details |" name="| admin | Test@12346 | Invalid Details |" time="0.108"/>
  <testcase classname="| bunny | Test@12347 | Invalid Details |" name="Given admin launch the browser" time="0"/>
  <testcase classname="| bunny | Test@12347 | Invalid Details |" name="When admin is on the Car Rental page" time="0.001">
    <skipped/>
  </testcase>
  <testcase classname="| bunny | Test@12347 | Invalid Details |" name="And admin clicks on Admin module" time="0.001">
    <skipped/>
  </testcase>
  <testcase classname="| bunny | Test@12347 | Invalid Details |" name="Then admin navigates to sign in page" time="0.002">
    <skipped/>
  </testcase>
  <testcase classname="| bunny | Test@12347 | Invalid Details |" name="When admin enters invalid &quot;bunny&quot; and &quot;Test@12347&quot;" time="0.006">
    <skipped/>
    <system-out>
  Background:                            &amp;#27;[90m# src/test/resources/Features/Login.feature:3&amp;#27;[0m
    &amp;#27;[32mGiven &amp;#27;[0m&amp;#27;[32madmin launch the browser&amp;#27;[0m       &amp;#27;[90m# Stepdefinition.admin_launch_the_browser()&amp;#27;[0m
    &amp;#27;[33mWhen &amp;#27;[0m&amp;#27;[33madmin is on the Car Rental page&amp;#27;[0m
    &amp;#27;[33mAnd &amp;#27;[0m&amp;#27;[33madmin clicks on Admin module&amp;#27;[0m
    &amp;#27;[33mThen &amp;#27;[0m&amp;#27;[33madmin navigates to sign in page&amp;#27;[0m
</system-out>
  </testcase>
  <testcase classname="| bunny | Test@12347 | Invalid Details |" name="And admin click on the login button" time="0.006">
    <skipped/>
  </testcase>
  <testcase classname="| bunny | Test@12347 | Invalid Details |" name="Then admin should see an error message indicating &quot;Invalid Details&quot;" time="0.006">
    <skipped/>
  </testcase>
  <testcase classname="| bunny | Test@12347 | Invalid Details |" name="| bunny | Test@12347 | Invalid Details |" time="0.147">
    <skipped/>
  </testcase>
  <testcase classname="| bunny | Test@12347 | Invalid Details |" name="| bunny | Test@12347 | Invalid Details |" time="0.147"/>
  <testcase classname="|  |  | Invalid Details |" name="Given admin launch the browser" time="0"/>
  <testcase classname="|  |  | Invalid Details |" name="When admin is on the Car Rental page" time="0.001">
    <skipped/>
  </testcase>
  <testcase classname="|  |  | Invalid Details |" name="And admin clicks on Admin module" time="0.002">
    <skipped/>
  </testcase>
  <testcase classname="|  |  | Invalid Details |" name="Then admin navigates to sign in page" time="0.002">
    <skipped/>
  </testcase>
  <testcase classname="|  |  | Invalid Details |" name="When admin enters invalid &quot;&quot; and &quot;&quot;" time="0.006">
    <skipped/>
    <system-out>
  Background:                            &amp;#27;[90m# src/test/resources/Features/Login.feature:3&amp;#27;[0m
    &amp;#27;[32mGiven &amp;#27;[0m&amp;#27;[32madmin launch the browser&amp;#27;[0m       &amp;#27;[90m# Stepdefinition.admin_launch_the_browser()&amp;#27;[0m
    &amp;#27;[33mWhen &amp;#27;[0m&amp;#27;[33madmin is on the Car Rental page&amp;#27;[0m
    &amp;#27;[33mAnd &amp;#27;[0m&amp;#27;[33madmin clicks on Admin module&amp;#27;[0m
    &amp;#27;[33mThen &amp;#27;[0m&amp;#27;[33madmin navigates to sign in page&amp;#27;[0m
</system-out>
  </testcase>
  <testcase classname="|  |  | Invalid Details |" name="And admin click on the login button" time="0.006">
    <skipped/>
  </testcase>
  <testcase classname="|  |  | Invalid Details |" name="Then admin should see an error message indicating &quot;Invalid Details&quot;" time="0.007">
    <skipped/>
  </testcase>
  <testcase classname="|  |  | Invalid Details |" name="|  |  | Invalid Details |" time="0.133">
    <skipped/>
  </testcase>
  <testcase classname="|  |  | Invalid Details |" name="|  |  | Invalid Details |" time="0.133"/>
  <testcase classname="Scenario: Navigating to the back to home page" name="Given admin launch the browser" time="0"/>
  <testcase classname="Scenario: Navigating to the back to home page" name="When admin is on the Car Rental page" time="0.001">
    <skipped/>
  </testcase>
  <testcase classname="Scenario: Navigating to the back to home page" name="And admin clicks on Admin module" time="0.001">
    <skipped/>
  </testcase>
  <testcase classname="Scenario: Navigating to the back to home page" name="Then admin navigates to sign in page" time="0.002">
    <skipped/>
  </testcase>
  <testcase classname="Scenario: Navigating to the back to home page" name="When admin click on the &quot;Back to Home&quot; link" time="0.004">
    <skipped/>
    <system-out>
  Background:                            &amp;#27;[90m# src/test/resources/Features/Login.feature:3&amp;#27;[0m
    &amp;#27;[32mGiven &amp;#27;[0m&amp;#27;[32madmin launch the browser&amp;#27;[0m       &amp;#27;[90m# Stepdefinition.admin_launch_the_browser()&amp;#27;[0m
    &amp;#27;[33mWhen &amp;#27;[0m&amp;#27;[33madmin is on the Car Rental page&amp;#27;[0m
    &amp;#27;[33mAnd &amp;#27;[0m&amp;#27;[33madmin clicks on Admin module&amp;#27;[0m
    &amp;#27;[33mThen &amp;#27;[0m&amp;#27;[33madmin navigates to sign in page&amp;#27;[0m
</system-out>
  </testcase>
  <testcase classname="Scenario: Navigating to the back to home page" name="Then admin should be redirected to the home page" time="0.004">
    <skipped/>
  </testcase>
  <testcase classname="Scenario: Navigating to the back to home page" name="Scenario: Navigating to the back to home page" time="0.126">
    <skipped/>
  </testcase>
  <testcase classname="Scenario: Navigating to the back to home page" name="Scenario: Navigating to the back to home page" time="0.126"/>
</testsuite>