<?xml version="1.0" encoding="UTF-8" ?>
<testsuite tests="76" failures="0" name="testRunner.ManageBrandTest" time="1.494" errors="0" skipped="41">
  <properties>
[...]
</properties>
  <testcase classname="Scenario: Verify show and search in Manage Brands" name="Given admin launch the browser" time="0"/>
  <testcase classname="Scenario: Verify show and search in Manage Brands" name="When admin opens url &quot;https://carrental.neohire.io/admin/&quot;" time="0.001"/>
  <testcase classname="Scenario: Verify show and search in Manage Brands" name="Then admin should able to see the admin signin page" time="0"/>
  <testcase classname="Scenario: Verify show and search in Manage Brands" name="When admin enters username as &quot;admin&quot;  and password as &quot;Test@12345&quot;" time="0.001"/>
  <testcase classname="Scenario: Verify show and search in Manage Brands" name="And click on login" time="0"/>
  <testcase classname="Scenario: Verify show and search in Manage Brands" name="Then admin should able to view car rental portal | admin panel" time="0"/>
  <testcase classname="Scenario: Verify show and search in Manage Brands" name="When admin click on Brands" time="0.001">
    <skipped/>
  </testcase>
  <testcase classname="Scenario: Verify show and search in Manage Brands" name="And click on Manage Brands" time="0.001">
    <skipped/>
  </testcase>
  <testcase classname="Scenario: Verify show and search in Manage Brands" name="Then admin will navigate to Manage Brands Page" time="0.003">
    <skipped/>
  </testcase>
  <testcase classname="Scenario: Verify show and search in Manage Brands" name="When admin selects show entries" time="0.006">
    <skipped/>
    <system-out>
  Background:                                                           &amp;#27;[90m# src/test/resources/Features/Managebrand.feature:3&amp;#27;[0m
    &amp;#27;[32mGiven &amp;#27;[0m&amp;#27;[32madmin launch the browser&amp;#27;[0m                                      &amp;#27;[90m# Stepdefinition.admin_launch_the_browser()&amp;#27;[0m
    &amp;#27;[32mWhen &amp;#27;[0m&amp;#27;[32madmin opens url &quot;&amp;#27;[0m&amp;#27;[32m&amp;#27;[1mhttps://carrental.neohire.io/admin/&amp;#27;[0m&amp;#27;[32m&quot;&amp;#27;[0m          &amp;#27;[90m# Stepdefinition.admin_opens_url(String)&amp;#27;[0m
    &amp;#27;[32mThen &amp;#27;[0m&amp;#27;[32madmin should able to see the admin signin page&amp;#27;[0m                 &amp;#27;[90m# Stepdefinition.admin_should_able_to_see_the_admin_signin_page()&amp;#27;[0m
    &amp;#27;[32mWhen &amp;#27;[0m&amp;#27;[32madmin enters username as &quot;&amp;#27;[0m&amp;#27;[32m&amp;#27;[1madmin&amp;#27;[0m&amp;#27;[32m&quot;  and password as &quot;&amp;#27;[0m&amp;#27;[32m&amp;#27;[1mTest@12345&amp;#27;[0m&amp;#27;[32m&quot;&amp;#27;[0m &amp;#27;[90m# Stepdefinition.admin_enters_username_as_and_password_as(String,String)&amp;#27;[0m
    &amp;#27;[32mAnd &amp;#27;[0m&amp;#27;[32mclick on login&amp;#27;[0m                                                  &amp;#27;[90m# Stepdefinition.click_on_login()&amp;#27;[0m
    &amp;#27;[32mThen &amp;#27;[0m&amp;#27;[32madmin should able to view car rental portal | admin panel&amp;#27;[0m      &amp;#27;[90m# Stepdefinition.admin_should_able_to_view_car_rental_portal_admin_panel()&amp;#27;[0m
    &amp;#27;[33mWhen &amp;#27;[0m&amp;#27;[33madmin click on Brands&amp;#27;[0m
    &amp;#27;[33mAnd &amp;#27;[0m&amp;#27;[33mclick on Manage Brands&amp;#27;[0m
    &amp;#27;[33mThen &amp;#27;[0m&amp;#27;[33madmin will navigate to Manage Brands Page&amp;#27;[0m
</system-out>
  </testcase>
  <testcase classname="Scenario: Verify show and search in Manage Brands" name="And admin search for the brand name" time="0.008">
    <skipped/>
  </testcase>
  <testcase classname="Scenario: Verify show and search in Manage Brands" name="Then filtered result will be displayed" time="0.008">
    <skipped/>
  </testcase>
  <testcase classname="Scenario: Verify show and search in Manage Brands" name="Scenario: Verify show and search in Manage Brands" time="0.147">
    <skipped/>
  </testcase>
  <testcase classname="Scenario: Verify show and search in Manage Brands" name="Scenario: Verify show and search in Manage Brands" time="0.147"/>
  <testcase classname="Scenario: Verify previous and next button in Manage Brands" name="Given admin launch the browser" time="0"/>
  <testcase classname="Scenario: Verify previous and next button in Manage Brands" name="When admin opens url &quot;https://carrental.neohire.io/admin/&quot;" time="0"/>
  <testcase classname="Scenario: Verify previous and next button in Manage Brands" name="Then admin should able to see the admin signin page" time="0"/>
  <testcase classname="Scenario: Verify previous and next button in Manage Brands" name="When admin enters username as &quot;admin&quot;  and password as &quot;Test@12345&quot;" time="0"/>
  <testcase classname="Scenario: Verify previous and next button in Manage Brands" name="And click on login" time="0"/>
  <testcase classname="Scenario: Verify previous and next button in Manage Brands" name="Then admin should able to view car rental portal | admin panel" time="0"/>
  <testcase classname="Scenario: Verify previous and next button in Manage Brands" name="When admin click on Brands" time="0">
    <skipped/>
  </testcase>
  <testcase classname="Scenario: Verify previous and next button in Manage Brands" name="And click on Manage Brands" time="0.001">
    <skipped/>
  </testcase>
  <testcase classname="Scenario: Verify previous and next button in Manage Brands" name="Then admin will navigate to Manage Brands Page" time="0.001">
    <skipped/>
  </testcase>
  <testcase classname="Scenario: Verify previous and next button in Manage Brands" name="When admin clicks on Next button" time="0.004">
    <skipped/>
    <system-out>
  Background:                                                           &amp;#27;[90m# src/test/resources/Features/Managebrand.feature:3&amp;#27;[0m
    &amp;#27;[32mGiven &amp;#27;[0m&amp;#27;[32madmin launch the browser&amp;#27;[0m                                      &amp;#27;[90m# Stepdefinition.admin_launch_the_browser()&amp;#27;[0m
    &amp;#27;[32mWhen &amp;#27;[0m&amp;#27;[32madmin opens url &quot;&amp;#27;[0m&amp;#27;[32m&amp;#27;[1mhttps://carrental.neohire.io/admin/&amp;#27;[0m&amp;#27;[32m&quot;&amp;#27;[0m          &amp;#27;[90m# Stepdefinition.admin_opens_url(String)&amp;#27;[0m
    &amp;#27;[32mThen &amp;#27;[0m&amp;#27;[32madmin should able to see the admin signin page&amp;#27;[0m                 &amp;#27;[90m# Stepdefinition.admin_should_able_to_see_the_admin_signin_page()&amp;#27;[0m
    &amp;#27;[32mWhen &amp;#27;[0m&amp;#27;[32madmin enters username as &quot;&amp;#27;[0m&amp;#27;[32m&amp;#27;[1madmin&amp;#27;[0m&amp;#27;[32m&quot;  and password as &quot;&amp;#27;[0m&amp;#27;[32m&amp;#27;[1mTest@12345&amp;#27;[0m&amp;#27;[32m&quot;&amp;#27;[0m &amp;#27;[90m# Stepdefinition.admin_enters_username_as_and_password_as(String,String)&amp;#27;[0m
    &amp;#27;[32mAnd &amp;#27;[0m&amp;#27;[32mclick on login&amp;#27;[0m                                                  &amp;#27;[90m# Stepdefinition.click_on_login()&amp;#27;[0m
    &amp;#27;[32mThen &amp;#27;[0m&amp;#27;[32madmin should able to view car rental portal | admin panel&amp;#27;[0m      &amp;#27;[90m# Stepdefinition.admin_should_able_to_view_car_rental_portal_admin_panel()&amp;#27;[0m
    &amp;#27;[33mWhen &amp;#27;[0m&amp;#27;[33madmin click on Brands&amp;#27;[0m
    &amp;#27;[33mAnd &amp;#27;[0m&amp;#27;[33mclick on Manage Brands&amp;#27;[0m
    &amp;#27;[33mThen &amp;#27;[0m&amp;#27;[33madmin will navigate to Manage Brands Page&amp;#27;[0m
</system-out>
  </testcase>
  <testcase classname="Scenario: Verify previous and next button in Manage Brands" name="And Previous button" time="0.004">
    <skipped/>
  </testcase>
  <testcase classname="Scenario: Verify previous and next button in Manage Brands" name="Then entries will be displayed" time="0.005">
    <skipped/>
  </testcase>
  <testcase classname="Scenario: Verify previous and next button in Manage Brands" name="Scenario: Verify previous and next button in Manage Brands" time="0.129">
    <skipped/>
  </testcase>
  <testcase classname="Scenario: Verify previous and next button in Manage Brands" name="Scenario: Verify previous and next button in Manage Brands" time="0.129"/>
  <testcase classname="Scenario: Verify edit option in Manage Brands" name="Given admin launch the browser" time="0"/>
  <testcase classname="Scenario: Verify edit option in Manage Brands" name="When admin opens url &quot;https://carrental.neohire.io/admin/&quot;" time="0"/>
  <testcase classname="Scenario: Verify edit option in Manage Brands" name="Then admin should able to see the admin signin page" time="0"/>
  <testcase classname="Scenario: Verify edit option in Manage Brands" name="When admin enters username as &quot;admin&quot;  and password as &quot;Test@12345&quot;" time="0"/>
  <testcase classname="Scenario: Verify edit option in Manage Brands" name="And click on login" time="0"/>
  <testcase classname="Scenario: Verify edit option in Manage Brands" name="Then admin should able to view car rental portal | admin panel" time="0.001"/>
  <testcase classname="Scenario: Verify edit option in Manage Brands" name="When admin click on Brands" time="0.001">
    <skipped/>
  </testcase>
  <testcase classname="Scenario: Verify edit option in Manage Brands" name="And click on Manage Brands" time="0.002">
    <skipped/>
  </testcase>
  <testcase classname="Scenario: Verify edit option in Manage Brands" name="Then admin will navigate to Manage Brands Page" time="0.002">
    <skipped/>
  </testcase>
  <testcase classname="Scenario: Verify edit option in Manage Brands" name="When admin click edit option in action" time="0.005">
    <skipped/>
    <system-out>
  Background:                                                           &amp;#27;[90m# src/test/resources/Features/Managebrand.feature:3&amp;#27;[0m
    &amp;#27;[32mGiven &amp;#27;[0m&amp;#27;[32madmin launch the browser&amp;#27;[0m                                      &amp;#27;[90m# Stepdefinition.admin_launch_the_browser()&amp;#27;[0m
    &amp;#27;[32mWhen &amp;#27;[0m&amp;#27;[32madmin opens url &quot;&amp;#27;[0m&amp;#27;[32m&amp;#27;[1mhttps://carrental.neohire.io/admin/&amp;#27;[0m&amp;#27;[32m&quot;&amp;#27;[0m          &amp;#27;[90m# Stepdefinition.admin_opens_url(String)&amp;#27;[0m
    &amp;#27;[32mThen &amp;#27;[0m&amp;#27;[32madmin should able to see the admin signin page&amp;#27;[0m                 &amp;#27;[90m# Stepdefinition.admin_should_able_to_see_the_admin_signin_page()&amp;#27;[0m
    &amp;#27;[32mWhen &amp;#27;[0m&amp;#27;[32madmin enters username as &quot;&amp;#27;[0m&amp;#27;[32m&amp;#27;[1madmin&amp;#27;[0m&amp;#27;[32m&quot;  and password as &quot;&amp;#27;[0m&amp;#27;[32m&amp;#27;[1mTest@12345&amp;#27;[0m&amp;#27;[32m&quot;&amp;#27;[0m &amp;#27;[90m# Stepdefinition.admin_enters_username_as_and_password_as(String,String)&amp;#27;[0m
    &amp;#27;[32mAnd &amp;#27;[0m&amp;#27;[32mclick on login&amp;#27;[0m                                                  &amp;#27;[90m# Stepdefinition.click_on_login()&amp;#27;[0m
    &amp;#27;[32mThen &amp;#27;[0m&amp;#27;[32madmin should able to view car rental portal | admin panel&amp;#27;[0m      &amp;#27;[90m# Stepdefinition.admin_should_able_to_view_car_rental_portal_admin_panel()&amp;#27;[0m
    &amp;#27;[33mWhen &amp;#27;[0m&amp;#27;[33madmin click on Brands&amp;#27;[0m
    &amp;#27;[33mAnd &amp;#27;[0m&amp;#27;[33mclick on Manage Brands&amp;#27;[0m
    &amp;#27;[33mThen &amp;#27;[0m&amp;#27;[33madmin will navigate to Manage Brands Page&amp;#27;[0m
</system-out>
  </testcase>
  <testcase classname="Scenario: Verify edit option in Manage Brands" name="Then it navigates to Update Brand page" time="0.006">
    <skipped/>
  </testcase>
  <testcase classname="Scenario: Verify edit option in Manage Brands" name="When admin updates the brand name" time="0.006">
    <skipped/>
  </testcase>
  <testcase classname="Scenario: Verify edit option in Manage Brands" name="And click on submit button" time="0.007">
    <skipped/>
  </testcase>
  <testcase classname="Scenario: Verify edit option in Manage Brands" name="Then the success message will be displayed" time="0.007">
    <skipped/>
  </testcase>
  <testcase classname="Scenario: Verify edit option in Manage Brands" name="And Updation date also displayed" time="0.008">
    <skipped/>
  </testcase>
  <testcase classname="Scenario: Verify edit option in Manage Brands" name="When admin navigates to &quot;https://carrental.neohire.io/car-listing.php&quot;" time="0.008">
    <skipped/>
  </testcase>
  <testcase classname="Scenario: Verify edit option in Manage Brands" name="And click on select brand dropdown" time="0.009">
    <skipped/>
  </testcase>
  <testcase classname="Scenario: Verify edit option in Manage Brands" name="Then verify the updated brand name" time="0.009">
    <skipped/>
  </testcase>
  <testcase classname="Scenario: Verify edit option in Manage Brands" name="Scenario: Verify edit option in Manage Brands" time="0.119">
    <skipped/>
  </testcase>
  <testcase classname="Scenario: Verify edit option in Manage Brands" name="Scenario: Verify edit option in Manage Brands" time="0.119"/>
  <testcase classname="Scenario: Verify delete option in Manage Brands" name="Given admin launch the browser" time="0"/>
  <testcase classname="Scenario: Verify delete option in Manage Brands" name="When admin opens url &quot;https://carrental.neohire.io/admin/&quot;" time="0"/>
  <testcase classname="Scenario: Verify delete option in Manage Brands" name="Then admin should able to see the admin signin page" time="0"/>
  <testcase classname="Scenario: Verify delete option in Manage Brands" name="When admin enters username as &quot;admin&quot;  and password as &quot;Test@12345&quot;" time="0"/>
  <testcase classname="Scenario: Verify delete option in Manage Brands" name="And click on login" time="0"/>
  <testcase classname="Scenario: Verify delete option in Manage Brands" name="Then admin should able to view car rental portal | admin panel" time="0"/>
  <testcase classname="Scenario: Verify delete option in Manage Brands" name="When admin click on Brands" time="0.001">
    <skipped/>
  </testcase>
  <testcase classname="Scenario: Verify delete option in Manage Brands" name="And click on Manage Brands" time="0.001">
    <skipped/>
  </testcase>
  <testcase classname="Scenario: Verify delete option in Manage Brands" name="Then admin will navigate to Manage Brands Page" time="0.001">
    <skipped/>
  </testcase>
  <testcase classname="Scenario: Verify delete option in Manage Brands" name="When admin click on delete option in action" time="0.005">
    <skipped/>
    <system-out>
  Background:                                                           &amp;#27;[90m# src/test/resources/Features/Managebrand.feature:3&amp;#27;[0m
    &amp;#27;[32mGiven &amp;#27;[0m&amp;#27;[32madmin launch the browser&amp;#27;[0m                                      &amp;#27;[90m# Stepdefinition.admin_launch_the_browser()&amp;#27;[0m
    &amp;#27;[32mWhen &amp;#27;[0m&amp;#27;[32madmin opens url &quot;&amp;#27;[0m&amp;#27;[32m&amp;#27;[1mhttps://carrental.neohire.io/admin/&amp;#27;[0m&amp;#27;[32m&quot;&amp;#27;[0m          &amp;#27;[90m# Stepdefinition.admin_opens_url(String)&amp;#27;[0m
    &amp;#27;[32mThen &amp;#27;[0m&amp;#27;[32madmin should able to see the admin signin page&amp;#27;[0m                 &amp;#27;[90m# Stepdefinition.admin_should_able_to_see_the_admin_signin_page()&amp;#27;[0m
    &amp;#27;[32mWhen &amp;#27;[0m&amp;#27;[32madmin enters username as &quot;&amp;#27;[0m&amp;#27;[32m&amp;#27;[1madmin&amp;#27;[0m&amp;#27;[32m&quot;  and password as &quot;&amp;#27;[0m&amp;#27;[32m&amp;#27;[1mTest@12345&amp;#27;[0m&amp;#27;[32m&quot;&amp;#27;[0m &amp;#27;[90m# Stepdefinition.admin_enters_username_as_and_password_as(String,String)&amp;#27;[0m
    &amp;#27;[32mAnd &amp;#27;[0m&amp;#27;[32mclick on login&amp;#27;[0m                                                  &amp;#27;[90m# Stepdefinition.click_on_login()&amp;#27;[0m
    &amp;#27;[32mThen &amp;#27;[0m&amp;#27;[32madmin should able to view car rental portal | admin panel&amp;#27;[0m      &amp;#27;[90m# Stepdefinition.admin_should_able_to_view_car_rental_portal_admin_panel()&amp;#27;[0m
    &amp;#27;[33mWhen &amp;#27;[0m&amp;#27;[33madmin click on Brands&amp;#27;[0m
    &amp;#27;[33mAnd &amp;#27;[0m&amp;#27;[33mclick on Manage Brands&amp;#27;[0m
    &amp;#27;[33mThen &amp;#27;[0m&amp;#27;[33madmin will navigate to Manage Brands Page&amp;#27;[0m
</system-out>
  </testcase>
  <testcase classname="Scenario: Verify delete option in Manage Brands" name="Then confirm alert displays and accept it" time="0.005">
    <skipped/>
  </testcase>
  <testcase classname="Scenario: Verify delete option in Manage Brands" name="Then success page updated message will be displayed" time="0.005">
    <skipped/>
  </testcase>
  <testcase classname="Scenario: Verify delete option in Manage Brands" name="Scenario: Verify delete option in Manage Brands" time="0.149">
    <skipped/>
  </testcase>
  <testcase classname="Scenario: Verify delete option in Manage Brands" name="Scenario: Verify delete option in Manage Brands" time="0.149"/>
  <testcase classname="Scenario: Verify delete option in Manage Brands" name="Given admin launch the browser" time="0"/>
  <testcase classname="Scenario: Verify delete option in Manage Brands" name="When admin opens url &quot;https://carrental.neohire.io/admin/&quot;" time="0"/>
  <testcase classname="Scenario: Verify delete option in Manage Brands" name="Then admin should able to see the admin signin page" time="0"/>
  <testcase classname="Scenario: Verify delete option in Manage Brands" name="When admin enters username as &quot;admin&quot;  and password as &quot;Test@12345&quot;" time="0"/>
  <testcase classname="Scenario: Verify delete option in Manage Brands" name="And click on login" time="0"/>
  <testcase classname="Scenario: Verify delete option in Manage Brands" name="Then admin should able to view car rental portal | admin panel" time="0"/>
  <testcase classname="Scenario: Verify delete option in Manage Brands" name="When admin click on Brands" time="0">
    <skipped/>
  </testcase>
  <testcase classname="Scenario: Verify delete option in Manage Brands" name="And click on Manage Brands" time="0">
    <skipped/>
  </testcase>
  <testcase classname="Scenario: Verify delete option in Manage Brands" name="Then admin will navigate to Manage Brands Page" time="0.001">
    <skipped/>
  </testcase>
  <testcase classname="Scenario: Verify delete option in Manage Brands" name="When admin click on delete option in action" time="0.006">
    <skipped/>
    <system-out>
  Background:                                                           &amp;#27;[90m# src/test/resources/Features/Managebrand.feature:3&amp;#27;[0m
    &amp;#27;[32mGiven &amp;#27;[0m&amp;#27;[32madmin launch the browser&amp;#27;[0m                                      &amp;#27;[90m# Stepdefinition.admin_launch_the_browser()&amp;#27;[0m
    &amp;#27;[32mWhen &amp;#27;[0m&amp;#27;[32madmin opens url &quot;&amp;#27;[0m&amp;#27;[32m&amp;#27;[1mhttps://carrental.neohire.io/admin/&amp;#27;[0m&amp;#27;[32m&quot;&amp;#27;[0m          &amp;#27;[90m# Stepdefinition.admin_opens_url(String)&amp;#27;[0m
    &amp;#27;[32mThen &amp;#27;[0m&amp;#27;[32madmin should able to see the admin signin page&amp;#27;[0m                 &amp;#27;[90m# Stepdefinition.admin_should_able_to_see_the_admin_signin_page()&amp;#27;[0m
    &amp;#27;[32mWhen &amp;#27;[0m&amp;#27;[32madmin enters username as &quot;&amp;#27;[0m&amp;#27;[32m&amp;#27;[1madmin&amp;#27;[0m&amp;#27;[32m&quot;  and password as &quot;&amp;#27;[0m&amp;#27;[32m&amp;#27;[1mTest@12345&amp;#27;[0m&amp;#27;[32m&quot;&amp;#27;[0m &amp;#27;[90m# Stepdefinition.admin_enters_username_as_and_password_as(String,String)&amp;#27;[0m
    &amp;#27;[32mAnd &amp;#27;[0m&amp;#27;[32mclick on login&amp;#27;[0m                                                  &amp;#27;[90m# Stepdefinition.click_on_login()&amp;#27;[0m
    &amp;#27;[32mThen &amp;#27;[0m&amp;#27;[32madmin should able to view car rental portal | admin panel&amp;#27;[0m      &amp;#27;[90m# Stepdefinition.admin_should_able_to_view_car_rental_portal_admin_panel()&amp;#27;[0m
    &amp;#27;[33mWhen &amp;#27;[0m&amp;#27;[33madmin click on Brands&amp;#27;[0m
    &amp;#27;[33mAnd &amp;#27;[0m&amp;#27;[33mclick on Manage Brands&amp;#27;[0m
    &amp;#27;[33mThen &amp;#27;[0m&amp;#27;[33madmin will navigate to Manage Brands Page&amp;#27;[0m
</system-out>
  </testcase>
  <testcase classname="Scenario: Verify delete option in Manage Brands" name="Then confirm alert displays and reject it" time="0.006">
    <skipped/>
  </testcase>
  <testcase classname="Scenario: Verify delete option in Manage Brands" name="Then admin will be on manage brand page" time="0.006">
    <skipped/>
  </testcase>
  <testcase classname="Scenario: Verify delete option in Manage Brands" name="Scenario: Verify delete option in Manage Brands" time="0.127">
    <skipped/>
  </testcase>
  <testcase classname="Scenario: Verify delete option in Manage Brands" name="Scenario: Verify delete option in Manage Brands" time="0.127"/>
</testsuite>