<?xml version="1.0" encoding="UTF-8" ?>
<testsuite tests="25" failures="0" name="StepDefinitions.TestRunner" time="181.064" errors="0" skipped="0">
  <properties>
[...]
</properties>
  <testcase classname="feature to test the Manage pages page" name="Validate the Manage Page button is working or not - TC_ID_ManagePages_1" time="9.084"/>
  <testcase classname="feature to test the Manage pages page" name="Validate terms and conditions option in dropdown - TC_ID_ManagePage_2" time="9.933"/>
  <testcase classname="feature to test the Manage pages page" name="Validate privacy and policy option in dropdown - TC_ID_ManagePage_3" time="9.444"/>
  <testcase classname="feature to test the Manage pages page" name="Validate about us option in dropdown - TC_ID_ManagePage_4" time="8.974"/>
  <testcase classname="feature to test the Manage pages page" name="Validate FQAs option in dropdown  -TC_ID_ManagePage_5" time="9.439"/>
  <testcase classname="feature to test the manage subscribers Page" name="validate the search field in manage subscribers page -  TC_ID_Manage_subscribers_1" time="6.126"/>
  <testcase classname="feature to test the manage subscribers Page" name="validate the show field in manage subscribers page -  TC_ID_Manage_subscribers_2" time="6.679"/>
  <testcase classname="feature to test the manage subscribers Page" name="validate the show field in manage subscribers page -  TC_ID_Manage_subscribers_3" time="6.381"/>
  <testcase classname="feature to test the manage subscribers Page" name="Validate the action option in Manage Subscribers Page  -  TC_ID_Manage_subscribers_4" time="6.332"/>
  <testcase classname="feature to test the manage subscribers Page" name="Validate the action option in Manage Subscribers Page  - TC_ID_Manage_subscribers_5" time="5.821"/>
  <testcase classname="feature to test the manage testimonial Page" name="validate the search field in manage testimonial page -  TC_ID_Manage_1" time="6.279"/>
  <testcase classname="feature to test the manage testimonial Page" name="validate the show field in manage testimonial page -  TC_ID_Manage_2" time="6.222"/>
  <testcase classname="feature to test the manage testimonial Page" name="validate the show field in manage testimonial page -  TC_ID_Manage_3" time="5.919"/>
  <testcase classname="feature to test the manage testimonial Page" name="Validate the inactive option and then click on okay in testimonial page - TC_ID_Manage_4" time="9.17"/>
  <testcase classname="feature to test the manage testimonial Page" name="Validate the inactive option and then click on cancel in testimonial page -  TC_ID_Manage_5" time="6.472"/>
  <testcase classname="feature to test the manage testimonial Page" name="Validate the active option and then click on okay in testimonial page - TC_ID_Manage_6" time="9.086"/>
  <testcase classname="feature to test the manage testimonial Page" name="Validate the active option and then click on cancel in testimonial page - TC_ID_Manage_7" time="6.88"/>
  <testcase classname="feature to test the Update contact info --#line 170 in javafile" name="Validate the popup message is displayed when the admin enter invalid Email id -TC_ID_Update_contact_1" time="6.173"/>
  <testcase classname="feature to test the Update contact info --#line 170 in javafile" name="Validate the popup message is displayed when the admin enter invalid contact - TC_ID_Update_contact_2 (Failed testcase)" time="6.526"/>
  <testcase classname="feature to test the Update contact info --#line 170 in javafile" name="Validate the popup message is displayed when the admin enter only email, contact -TC_ID_Update_contact_3" time="5.569"/>
  <testcase classname="feature to test the Update contact info --#line 170 in javafile" name="Validate the popup message is displayed when the admin enter only address, contact - TC_ID_Update_contact_4" time="5.667"/>
  <testcase classname="feature to test the Update contact info --#line 170 in javafile" name="Validate the popup message is displayed when the admin enter only address, emailid - TC_ID_Update_contact_5" time="5.521"/>
  <testcase classname="feature to test the Update contact info --#line 170 in javafile" name="Validate the popup message is displayed when all the fields are empty - TC_ID_Update_contact_6" time="5.767"/>
  <testcase classname="feature to test the Update contact info --#line 170 in javafile" name="Validate the admin can change the fields in Update Contact Info in home page -   TC_ID_Update_contact_7" time="9.521"/>
  <testcase classname="feature to test the Update contact info --#line 170 in javafile" name="Validate the admin can change the fields in Update Contact Info in contact us page- TC_ID_Update_contact_8" time="8.079"/>
</testsuite>