<?xml version="1.0" encoding="UTF-8" ?>
<testsuite tests="30" failures="0" name="testRunner.CreateBrandTest" time="0.545" errors="0" skipped="16">
  <properties>
[...]
</properties>
  <testcase classname="Scenario: Verify the Brand Name in Create Brand" name="Given admin launch the browser" time="0"/>
  <testcase classname="Scenario: Verify the Brand Name in Create Brand" name="When admin opens url &quot;https://carrental.neohire.io/admin/&quot;" time="0"/>
  <testcase classname="Scenario: Verify the Brand Name in Create Brand" name="Then admin should able to see the admin signin page" time="0"/>
  <testcase classname="Scenario: Verify the Brand Name in Create Brand" name="When admin enters username as &quot;admin&quot;  and password as &quot;Test@12345&quot;" time="0"/>
  <testcase classname="Scenario: Verify the Brand Name in Create Brand" name="And click on login" time="0"/>
  <testcase classname="Scenario: Verify the Brand Name in Create Brand" name="Then admin should able to view car rental portal | admin panel" time="0"/>
  <testcase classname="Scenario: Verify the Brand Name in Create Brand" name="When admin click on Brands" time="0.001">
    <skipped/>
  </testcase>
  <testcase classname="Scenario: Verify the Brand Name in Create Brand" name="And click on Create Brand" time="0.001">
    <skipped/>
  </testcase>
  <testcase classname="Scenario: Verify the Brand Name in Create Brand" name="Then admin will navigates to create Brand Page" time="0.001">
    <skipped/>
  </testcase>
  <testcase classname="Scenario: Verify the Brand Name in Create Brand" name="When admin enter Brand name in the text field" time="0.003">
    <skipped/>
    <system-out>
  Background:                                                           &amp;#27;[90m# src/test/resources/Features/Createbrand.feature:3&amp;#27;[0m
    &amp;#27;[32mGiven &amp;#27;[0m&amp;#27;[32madmin launch the browser&amp;#27;[0m                                      &amp;#27;[90m# Stepdefinition.admin_launch_the_browser()&amp;#27;[0m
    &amp;#27;[32mWhen &amp;#27;[0m&amp;#27;[32madmin opens url &quot;&amp;#27;[0m&amp;#27;[32m&amp;#27;[1mhttps://carrental.neohire.io/admin/&amp;#27;[0m&amp;#27;[32m&quot;&amp;#27;[0m          &amp;#27;[90m# Stepdefinition.admin_opens_url(String)&amp;#27;[0m
    &amp;#27;[32mThen &amp;#27;[0m&amp;#27;[32madmin should able to see the admin signin page&amp;#27;[0m                 &amp;#27;[90m# Stepdefinition.admin_should_able_to_see_the_admin_signin_page()&amp;#27;[0m
    &amp;#27;[32mWhen &amp;#27;[0m&amp;#27;[32madmin enters username as &quot;&amp;#27;[0m&amp;#27;[32m&amp;#27;[1madmin&amp;#27;[0m&amp;#27;[32m&quot;  and password as &quot;&amp;#27;[0m&amp;#27;[32m&amp;#27;[1mTest@12345&amp;#27;[0m&amp;#27;[32m&quot;&amp;#27;[0m &amp;#27;[90m# Stepdefinition.admin_enters_username_as_and_password_as(String,String)&amp;#27;[0m
    &amp;#27;[32mAnd &amp;#27;[0m&amp;#27;[32mclick on login&amp;#27;[0m                                                  &amp;#27;[90m# Stepdefinition.click_on_login()&amp;#27;[0m
    &amp;#27;[32mThen &amp;#27;[0m&amp;#27;[32madmin should able to view car rental portal | admin panel&amp;#27;[0m      &amp;#27;[90m# Stepdefinition.admin_should_able_to_view_car_rental_portal_admin_panel()&amp;#27;[0m
    &amp;#27;[33mWhen &amp;#27;[0m&amp;#27;[33madmin click on Brands&amp;#27;[0m
    &amp;#27;[33mAnd &amp;#27;[0m&amp;#27;[33mclick on Create Brand&amp;#27;[0m
    &amp;#27;[33mThen &amp;#27;[0m&amp;#27;[33madmin will navigates to create Brand Page&amp;#27;[0m
</system-out>
  </testcase>
  <testcase classname="Scenario: Verify the Brand Name in Create Brand" name="And admin click on Submit button" time="0.004">
    <skipped/>
  </testcase>
  <testcase classname="Scenario: Verify the Brand Name in Create Brand" name="Then Success message will be displayed" time="0.004">
    <skipped/>
  </testcase>
  <testcase classname="Scenario: Verify the Brand Name in Create Brand" name="When admin navigates to &quot;https://carrental.neohire.io/car-listing.php&quot;" time="0.004">
    <skipped/>
  </testcase>
  <testcase classname="Scenario: Verify the Brand Name in Create Brand" name="And click on select brand dropdown menu" time="0.005">
    <skipped/>
  </testcase>
  <testcase classname="Scenario: Verify the Brand Name in Create Brand" name="Then verify the brand name" time="0.005">
    <skipped/>
  </testcase>
  <testcase classname="Scenario: Verify the Brand Name in Create Brand" name="Scenario: Verify the Brand Name in Create Brand" time="0.149">
    <skipped/>
  </testcase>
  <testcase classname="Scenario: Verify the Brand Name in Create Brand" name="Scenario: Verify the Brand Name in Create Brand" time="0.149"/>
  <testcase classname="Scenario: Verify the Empty Brand Name in Create Brand" name="Given admin launch the browser" time="0"/>
  <testcase classname="Scenario: Verify the Empty Brand Name in Create Brand" name="When admin opens url &quot;https://carrental.neohire.io/admin/&quot;" time="0"/>
  <testcase classname="Scenario: Verify the Empty Brand Name in Create Brand" name="Then admin should able to see the admin signin page" time="0"/>
  <testcase classname="Scenario: Verify the Empty Brand Name in Create Brand" name="When admin enters username as &quot;admin&quot;  and password as &quot;Test@12345&quot;" time="0"/>
  <testcase classname="Scenario: Verify the Empty Brand Name in Create Brand" name="And click on login" time="0"/>
  <testcase classname="Scenario: Verify the Empty Brand Name in Create Brand" name="Then admin should able to view car rental portal | admin panel" time="0"/>
  <testcase classname="Scenario: Verify the Empty Brand Name in Create Brand" name="When admin click on Brands" time="0">
    <skipped/>
  </testcase>
  <testcase classname="Scenario: Verify the Empty Brand Name in Create Brand" name="And click on Create Brand" time="0">
    <skipped/>
  </testcase>
  <testcase classname="Scenario: Verify the Empty Brand Name in Create Brand" name="Then admin will navigates to create Brand Page" time="0">
    <skipped/>
  </testcase>
  <testcase classname="Scenario: Verify the Empty Brand Name in Create Brand" name="When admin click on Submit button" time="0.002">
    <skipped/>
    <system-out>
  Background:                                                           &amp;#27;[90m# src/test/resources/Features/Createbrand.feature:3&amp;#27;[0m
    &amp;#27;[32mGiven &amp;#27;[0m&amp;#27;[32madmin launch the browser&amp;#27;[0m                                      &amp;#27;[90m# Stepdefinition.admin_launch_the_browser()&amp;#27;[0m
    &amp;#27;[32mWhen &amp;#27;[0m&amp;#27;[32madmin opens url &quot;&amp;#27;[0m&amp;#27;[32m&amp;#27;[1mhttps://carrental.neohire.io/admin/&amp;#27;[0m&amp;#27;[32m&quot;&amp;#27;[0m          &amp;#27;[90m# Stepdefinition.admin_opens_url(String)&amp;#27;[0m
    &amp;#27;[32mThen &amp;#27;[0m&amp;#27;[32madmin should able to see the admin signin page&amp;#27;[0m                 &amp;#27;[90m# Stepdefinition.admin_should_able_to_see_the_admin_signin_page()&amp;#27;[0m
    &amp;#27;[32mWhen &amp;#27;[0m&amp;#27;[32madmin enters username as &quot;&amp;#27;[0m&amp;#27;[32m&amp;#27;[1madmin&amp;#27;[0m&amp;#27;[32m&quot;  and password as &quot;&amp;#27;[0m&amp;#27;[32m&amp;#27;[1mTest@12345&amp;#27;[0m&amp;#27;[32m&quot;&amp;#27;[0m &amp;#27;[90m# Stepdefinition.admin_enters_username_as_and_password_as(String,String)&amp;#27;[0m
    &amp;#27;[32mAnd &amp;#27;[0m&amp;#27;[32mclick on login&amp;#27;[0m                                                  &amp;#27;[90m# Stepdefinition.click_on_login()&amp;#27;[0m
    &amp;#27;[32mThen &amp;#27;[0m&amp;#27;[32madmin should able to view car rental portal | admin panel&amp;#27;[0m      &amp;#27;[90m# Stepdefinition.admin_should_able_to_view_car_rental_portal_admin_panel()&amp;#27;[0m
    &amp;#27;[33mWhen &amp;#27;[0m&amp;#27;[33madmin click on Brands&amp;#27;[0m
    &amp;#27;[33mAnd &amp;#27;[0m&amp;#27;[33mclick on Create Brand&amp;#27;[0m
    &amp;#27;[33mThen &amp;#27;[0m&amp;#27;[33madmin will navigates to create Brand Page&amp;#27;[0m
</system-out>
  </testcase>
  <testcase classname="Scenario: Verify the Empty Brand Name in Create Brand" name="Then alert message will be displayed" time="0.002">
    <skipped/>
  </testcase>
  <testcase classname="Scenario: Verify the Empty Brand Name in Create Brand" name="Scenario: Verify the Empty Brand Name in Create Brand" time="0.107">
    <skipped/>
  </testcase>
  <testcase classname="Scenario: Verify the Empty Brand Name in Create Brand" name="Scenario: Verify the Empty Brand Name in Create Brand" time="0.108"/>
</testsuite>