<?xml version="1.0" encoding="UTF-8" ?>
<testsuite tests="77" failures="0" name="testRunner.TestRun" time="488.249" errors="0" skipped="0">
  <properties>
[...]
</properties>
  <testcase classname="Admin Dashboard Functionality for Car Rental Website" name="Verify Reg Users Page in Dashboard" time="7.386"/>
  <testcase classname="Admin Dashboard Functionality for Car Rental Website" name="Verify Listed Vehicles Page in Dashboard" time="5.446"/>
  <testcase classname="Admin Dashboard Functionality for Car Rental Website" name="Verify Total Bookings Page in Dashboard" time="5.481"/>
  <testcase classname="Admin Dashboard Functionality for Car Rental Website" name="Verify Listed Brands Page in Dashboard" time="5.375"/>
  <testcase classname="Admin Dashboard Functionality for Car Rental Website" name="Verify Subscibers Page in Dashboard" time="5.314"/>
  <testcase classname="Admin Dashboard Functionality for Car Rental Website" name="Verify Queries Page in Dashboard" time="5.428"/>
  <testcase classname="Admin Dashboard Functionality for Car Rental Website" name="Verify Testimonials Page in Dashboard" time="5.379"/>
  <testcase classname="Admin Dashboard Functionality for Car Rental Website" name="Verify Logout Functionality in Dashboard" time="4.868"/>
  <testcase classname="Verify Create Brand Functionality for car Rental Management" name="Verify the Brand Name in Create Brand" time="7.815"/>
  <testcase classname="Verify Create Brand Functionality for car Rental Management" name="Verify the Empty Brand Name in Create Brand" time="5.022"/>
  <testcase classname="Admin Login Functionality for Car Rental Website" name="Successful login with valid credentials" time="6.274"/>
  <testcase classname="Admin Login Functionality for Car Rental Website" name="Unsuccessful login with invalid and empty credentials #1" time="5.769"/>
  <testcase classname="Admin Login Functionality for Car Rental Website" name="Unsuccessful login with invalid and empty credentials #2" time="5.706"/>
  <testcase classname="Admin Login Functionality for Car Rental Website" name="Unsuccessful login with invalid and empty credentials #3" time="5.666"/>
  <testcase classname="Admin Login Functionality for Car Rental Website" name="Unsuccessful login with invalid and empty credentials #4" time="5.573"/>
  <testcase classname="Admin Login Functionality for Car Rental Website" name="Navigating to the back to home page" time="5.377"/>
  <testcase classname="Verify Manage Brands Functionality for car Rental Management" name="Verify show and search in Manage Brands" time="5.713"/>
  <testcase classname="Verify Manage Brands Functionality for car Rental Management" name="Verify previous and next button in Manage Brands" time="5.379"/>
  <testcase classname="Verify Manage Brands Functionality for car Rental Management" name="Verify edit option in Manage Brands" time="9.478"/>
  <testcase classname="Verify Manage Brands Functionality for car Rental Management" name="Verify delete option in Manage Brands #1" time="5.779"/>
  <testcase classname="Verify Manage Brands Functionality for car Rental Management" name="Verify delete option in Manage Brands #2" time="5.366"/>
  <testcase classname="feature to test about us button functionality" name="Check about us page is displayed on clicking about us button" time="4.047"/>
  <testcase classname="Feature to test Car Listing page functionality" name="Check CarListing page is displayed on clicking CarListing button" time="5.456"/>
  <testcase classname="Feature to test Car Listing page functionality" name="Check cars are displayed on selecting brand type and fuel type" time="5.839"/>
  <testcase classname="Feature to test Car Listing page functionality" name="Check functionality of recently listed cars" time="5.131"/>
  <testcase classname="Feature to test Car Listing page functionality" name="Check the details of the car is displayed on clicking on view details button" time="5.367"/>
  <testcase classname="Feature to test Car Listing page functionality" name="Check functionality of similar cars" time="5.505"/>
  <testcase classname="Feature to test Car Listing page functionality" name="Check functionality of prev and next buttons" time="5.41"/>
  <testcase classname="Feature to test Car Listing page functionality" name="Check functionality of Vehicle Overview button" time="5.109"/>
  <testcase classname="Feature to test FAQs button functionality" name="Check FAQs page is displayed on clicking faqs button" time="4.204"/>
  <testcase classname="Feature to test FAQs button functionality" name="Check Contact us page functionality" time="5.321"/>
  <testcase classname="Feature to test FAQs button functionality" name="Verify the warning message for empty fields" time="6.617"/>
  <testcase classname="Feature to test FAQs button functionality" name="Check Admin sign in page is displayed on clicking Admin button" time="4.654"/>
  <testcase classname="Feature to test FAQs button functionality" name="Check Login page is displayed on clicking Login/Register button" time="3.713"/>
  <testcase classname="Feature to test FAQs button functionality" name="Check privacy policy page and Terms of use page is displayed on clicking privacy and terms of use button respectively" time="4.707"/>
  <testcase classname="Feature to test FAQs button functionality" name="Check functionality of Subscribe button" time="4.258"/>
  <testcase classname="Feature to test FAQs button functionality" name="Check functionality Service HelpLine button" time="3.608"/>
  <testcase classname="feature to test the manage contactus query Page" name="validate the search in manage contact us query" time="16.909"/>
  <testcase classname="feature to test the Manage pages page" name="Validate the Manage Page button is working or not - TC_ID_ManagePages_1" time="5.855"/>
  <testcase classname="feature to test the Manage pages page" name="Validate terms and conditions option in dropdown - TC_ID_ManagePage_2" time="8.323"/>
  <testcase classname="feature to test the Manage pages page" name="Validate privacy and policy option in dropdown - TC_ID_ManagePage_3" time="8.378"/>
  <testcase classname="feature to test the Manage pages page" name="Validate about us option in dropdown - TC_ID_ManagePage_4" time="8.366"/>
  <testcase classname="feature to test the Manage pages page" name="Validate FQAs option in dropdown  -TC_ID_ManagePage_5" time="8.77"/>
  <testcase classname="feature to test the manage subscribers Page" name="validate the search field in manage subscribers page -  TC_ID_Manage_subscribers_1" time="5.653"/>
  <testcase classname="feature to test the manage subscribers Page" name="validate the show field in manage subscribers page -  TC_ID_Manage_subscribers_2" time="5.972"/>
  <testcase classname="feature to test the manage subscribers Page" name="validate the show field in manage subscribers page -  TC_ID_Manage_subscribers_3" time="5.602"/>
  <testcase classname="feature to test the manage subscribers Page" name="Validate the action option in Manage Subscribers Page  -  TC_ID_Manage_subscribers_4" time="5.816"/>
  <testcase classname="feature to test the manage subscribers Page" name="Validate the action option in Manage Subscribers Page  - TC_ID_Manage_subscribers_5" time="5.464"/>
  <testcase classname="feature to test the manage testimonial Page" name="validate the search field in manage testimonial page -  TC_ID_Manage_1" time="5.66"/>
  <testcase classname="feature to test the manage testimonial Page" name="validate the show field in manage testimonial page -  TC_ID_Manage_2" time="6.005"/>
  <testcase classname="feature to test the manage testimonial Page" name="validate the show field in manage testimonial page -  TC_ID_Manage_3" time="5.614"/>
  <testcase classname="feature to test the manage testimonial Page" name="Validate the inactive option and then click on okay in testimonial page - TC_ID_Manage_4" time="8.818"/>
  <testcase classname="feature to test the manage testimonial Page" name="Validate the inactive option and then click on cancel in testimonial page -  TC_ID_Manage_5" time="6.228"/>
  <testcase classname="feature to test the manage testimonial Page" name="Validate the active option and then click on okay in testimonial page - TC_ID_Manage_6" time="8.82"/>
  <testcase classname="feature to test the manage testimonial Page" name="Validate the active option and then click on cancel in testimonial page - TC_ID_Manage_7" time="6.058"/>
  <testcase classname="feature to test post a vehicle page" name="to validate the page of post a vehicle page" time="10.656"/>
  <testcase classname="To validate the profile settings option in the user module" name="To validate the entered fields are updated in the admin module #1" time="7.75"/>
  <testcase classname="To validate the profile settings option in the user module" name="To validate the entered fields are updated in the admin module #2" time="6.67"/>
  <testcase classname="To validate the profile settings option in the user module" name="To validate the entered fields are updated in the admin module #3" time="6.825"/>
  <testcase classname="To validate the profile settings option in the user module" name="To validate the entered fields are updated in the admin module #4" time="10.677"/>
  <testcase classname="feature to test the Update contact info --#line 170 in javafile" name="Validate the popup message is displayed when the admin enter invalid Email id -TC_ID_Update_contact_1" time="5.914"/>
  <testcase classname="feature to test the Update contact info --#line 170 in javafile" name="Validate the popup message is displayed when the admin enter invalid contact - TC_ID_Update_contact_2 (Failed testcase)" time="6.209"/>
  <testcase classname="feature to test the Update contact info --#line 170 in javafile" name="Validate the popup message is displayed when the admin enter only email, contact -TC_ID_Update_contact_3" time="5.309"/>
  <testcase classname="feature to test the Update contact info --#line 170 in javafile" name="Validate the popup message is displayed when the admin enter only address, contact - TC_ID_Update_contact_4" time="5.31"/>
  <testcase classname="feature to test the Update contact info --#line 170 in javafile" name="Validate the popup message is displayed when the admin enter only address, emailid - TC_ID_Update_contact_5" time="5.311"/>
  <testcase classname="feature to test the Update contact info --#line 170 in javafile" name="Validate the popup message is displayed when all the fields are empty - TC_ID_Update_contact_6" time="5.464"/>
  <testcase classname="feature to test the Update contact info --#line 170 in javafile" name="Validate the admin can change the fields in Update Contact Info in home page -   TC_ID_Update_contact_7" time="9.325"/>
  <testcase classname="feature to test the Update contact info --#line 170 in javafile" name="Validate the admin can change the fields in Update Contact Info in contact us page- TC_ID_Update_contact_8" time="7.866"/>
  <testcase classname="User Login Functionality for Car Rental Website" name="Successful login with valid credentials" time="5.01"/>
  <testcase classname="User Login Functionality for Car Rental Website" name="Unsuccessful login with invalid and empty credentials #1" time="4.557"/>
  <testcase classname="User Login Functionality for Car Rental Website" name="Unsuccessful login with invalid and empty credentials #2" time="4.661"/>
  <testcase classname="User Login Functionality for Car Rental Website" name="Unsuccessful login with invalid and empty credentials #3" time="4.573"/>
  <testcase classname="User Login Functionality for Car Rental Website" name="Unsuccessful login with invalid and empty credentials #4" time="4.568"/>
  <testcase classname="Feature to verify post a testimonial functionality of car rental website" name="Verify post a testimonial" time="10.042"/>
  <testcase classname="Feature to verify post a testimonial functionality of car rental website" name="Verify empty testimonial field" time="5.763"/>
  <testcase classname="Feature to verify post a testimonial functionality of car rental website" name="Verify signout option" time="6.814"/>
  <testcase classname="feature to test manage vehicles page" name="validate the page of manage vehicles" time="14.124"/>
</testsuite>