<?xml version="1.0" encoding="UTF-8" ?>
<testsuite tests="25" failures="0" name="testRunner.TestRunner" time="284.49" errors="0" skipped="0">
  <properties>
[...]
</properties>
  <testcase classname="feature to test the Manage pages page" name="Validate the Manage Page button is working or not - TC_ID_ManagePages_1" time="15.522"/>
  <testcase classname="feature to test the Manage pages page" name="Validate terms and conditions option in dropdown - TC_ID_ManagePage_2" time="14.591"/>
  <testcase classname="feature to test the Manage pages page" name="Validate privacy and policy option in dropdown - TC_ID_ManagePage_3" time="13.699"/>
  <testcase classname="feature to test the Manage pages page" name="Validate about us option in dropdown - TC_ID_ManagePage_4" time="13.802"/>
  <testcase classname="feature to test the Manage pages page" name="Validate FQAs option in dropdown  -TC_ID_ManagePage_5" time="13.895"/>
  <testcase classname="feature to test the manage subscribers Page" name="validate the search field in manage subscribers page -  TC_ID_Manage_subscribers_1" time="10.445"/>
  <testcase classname="feature to test the manage subscribers Page" name="validate the show field in manage subscribers page -  TC_ID_Manage_subscribers_2" time="10.152"/>
  <testcase classname="feature to test the manage subscribers Page" name="validate the show field in manage subscribers page -  TC_ID_Manage_subscribers_3" time="9.398"/>
  <testcase classname="feature to test the manage subscribers Page" name="Validate the action option in Manage Subscribers Page  -  TC_ID_Manage_subscribers_4" time="9.899"/>
  <testcase classname="feature to test the manage subscribers Page" name="Validate the action option in Manage Subscribers Page  - TC_ID_Manage_subscribers_5" time="9.101"/>
  <testcase classname="feature to test the manage testimonial Page" name="validate the search field in manage testimonial page -  TC_ID_Manage_1" time="9.543"/>
  <testcase classname="feature to test the manage testimonial Page" name="validate the show field in manage testimonial page -  TC_ID_Manage_2" time="10.205"/>
  <testcase classname="feature to test the manage testimonial Page" name="validate the show field in manage testimonial page -  TC_ID_Manage_3" time="9.143"/>
  <testcase classname="feature to test the manage testimonial Page" name="Validate the inactive option and then click on okay in testimonial page - TC_ID_Manage_4" time="13.802"/>
  <testcase classname="feature to test the manage testimonial Page" name="Validate the inactive option and then click on cancel in testimonial page -  TC_ID_Manage_5" time="11.298"/>
  <testcase classname="feature to test the manage testimonial Page" name="Validate the active option and then click on okay in testimonial page - TC_ID_Manage_6" time="14.901"/>
  <testcase classname="feature to test the manage testimonial Page" name="Validate the active option and then click on cancel in testimonial page - TC_ID_Manage_7" time="10.999"/>
  <testcase classname="feature to test the Update contact info --#line 170 in javafile" name="Validate the popup message is displayed when the admin enter invalid Email id -TC_ID_Update_contact_1" time="10.197"/>
  <testcase classname="feature to test the Update contact info --#line 170 in javafile" name="Validate the popup message is displayed when the admin enter invalid contact - TC_ID_Update_contact_2 (Failed testcase)" time="10.501"/>
  <testcase classname="feature to test the Update contact info --#line 170 in javafile" name="Validate the popup message is displayed when the admin enter only email, contact -TC_ID_Update_contact_3" time="9.049"/>
  <testcase classname="feature to test the Update contact info --#line 170 in javafile" name="Validate the popup message is displayed when the admin enter only address, contact - TC_ID_Update_contact_4" time="9.248"/>
  <testcase classname="feature to test the Update contact info --#line 170 in javafile" name="Validate the popup message is displayed when the admin enter only address, emailid - TC_ID_Update_contact_5" time="8.601"/>
  <testcase classname="feature to test the Update contact info --#line 170 in javafile" name="Validate the popup message is displayed when all the fields are empty - TC_ID_Update_contact_6" time="9.047"/>
  <testcase classname="feature to test the Update contact info --#line 170 in javafile" name="Validate the admin can change the fields in Update Contact Info in home page -   TC_ID_Update_contact_7" time="14.653"/>
  <testcase classname="feature to test the Update contact info --#line 170 in javafile" name="Validate the admin can change the fields in Update Contact Info in contact us page- TC_ID_Update_contact_8" time="12.799"/>
</testsuite>